This file contains any messages produced by compilers while
running configure, to aid debugging if configure makes a mistake.

It was created by lrcalc configure 1.2, which was
generated by GNU Autoconf 2.68.  Invocation command line was

  $ ./configure 

## --------- ##
## Platform. ##
## --------- ##

hostname = S76Top
uname -m = x86_64
uname -r = 3.13.0-98-generic
uname -s = Linux
uname -v = #145-Ubuntu SMP Sat Oct 8 20:13:07 UTC 2016

/usr/bin/uname -p = unknown
/bin/uname -X     = unknown

/bin/arch              = unknown
/usr/bin/arch -k       = unknown
/usr/convex/getsysinfo = unknown
/usr/bin/hostinfo      = unknown
/bin/machine           = unknown
/usr/bin/oslevel       = unknown
/bin/universe          = unknown

PATH: /usr/local/sbin
PATH: /usr/local/bin
PATH: /usr/sbin
PATH: /usr/bin
PATH: /sbin
PATH: /bin
PATH: /usr/games
PATH: /usr/local/games


## ----------- ##
## Core tests. ##
## ----------- ##

configure:2423: checking for a BSD-compatible install
configure:2491: result: /usr/bin/install -c
configure:2502: checking whether build environment is sane
configure:2552: result: yes
configure:2693: checking for a thread-safe mkdir -p
configure:2732: result: /bin/mkdir -p
configure:2745: checking for gawk
configure:2775: result: no
configure:2745: checking for mawk
configure:2761: found /usr/bin/mawk
configure:2772: result: mawk
configure:2783: checking whether make sets $(MAKE)
configure:2805: result: yes
configure:2886: checking whether to enable maintainer-specific portions of Makefiles
configure:2895: result: no
configure:2968: checking for g++
configure:2984: found /usr/bin/g++
configure:2995: result: g++
configure:3022: checking for C++ compiler version
configure:3031: g++ --version >&5
g++ (Ubuntu 4.8.4-2ubuntu1~14.04.3) 4.8.4
Copyright (C) 2013 Free Software Foundation, Inc.
This is free software; see the source for copying conditions.  There is NO
warranty; not even for MERCHANTABILITY or FITNESS FOR A PARTICULAR PURPOSE.

configure:3042: $? = 0
configure:3031: g++ -v >&5
Using built-in specs.
COLLECT_GCC=g++
COLLECT_LTO_WRAPPER=/usr/lib/gcc/x86_64-linux-gnu/4.8/lto-wrapper
Target: x86_64-linux-gnu
Configured with: ../src/configure -v --with-pkgversion='Ubuntu 4.8.4-2ubuntu1~14.04.3' --with-bugurl=file:///usr/share/doc/gcc-4.8/README.Bugs --enable-languages=c,c++,java,go,d,fortran,objc,obj-c++ --prefix=/usr --program-suffix=-4.8 --enable-shared --enable-linker-build-id --libexecdir=/usr/lib --without-included-gettext --enable-threads=posix --with-gxx-include-dir=/usr/include/c++/4.8 --libdir=/usr/lib --enable-nls --with-sysroot=/ --enable-clocale=gnu --enable-libstdcxx-debug --enable-libstdcxx-time=yes --enable-gnu-unique-object --disable-libmudflap --enable-plugin --with-system-zlib --disable-browser-plugin --enable-java-awt=gtk --enable-gtk-cairo --with-java-home=/usr/lib/jvm/java-1.5.0-gcj-4.8-amd64/jre --enable-java-home --with-jvm-root-dir=/usr/lib/jvm/java-1.5.0-gcj-4.8-amd64 --with-jvm-jar-dir=/usr/lib/jvm-exports/java-1.5.0-gcj-4.8-amd64 --with-arch-directory=amd64 --with-ecj-jar=/usr/share/java/eclipse-ecj.jar --enable-objc-gc --enable-multiarch --disable-werror --with-arch-32=i686 --with-abi=m64 --with-multilib-list=m32,m64,mx32 --with-tune=generic --enable-checking=release --build=x86_64-linux-gnu --host=x86_64-linux-gnu --target=x86_64-linux-gnu
Thread model: posix
gcc version 4.8.4 (Ubuntu 4.8.4-2ubuntu1~14.04.3) 
configure:3042: $? = 0
configure:3031: g++ -V >&5
g++: error: unrecognized command line option '-V'
g++: fatal error: no input files
compilation terminated.
configure:3042: $? = 4
configure:3031: g++ -qversion >&5
g++: error: unrecognized command line option '-qversion'
g++: fatal error: no input files
compilation terminated.
configure:3042: $? = 4
configure:3062: checking whether the C++ compiler works
configure:3084: g++    conftest.cpp  >&5
configure:3088: $? = 0
configure:3136: result: yes
configure:3139: checking for C++ compiler default output file name
configure:3141: result: a.out
configure:3147: checking for suffix of executables
configure:3154: g++ -o conftest    conftest.cpp  >&5
configure:3158: $? = 0
configure:3180: result: 
configure:3202: checking whether we are cross compiling
configure:3210: g++ -o conftest    conftest.cpp  >&5
configure:3214: $? = 0
configure:3221: ./conftest
configure:3225: $? = 0
configure:3240: result: no
configure:3245: checking for suffix of object files
configure:3267: g++ -c   conftest.cpp >&5
configure:3271: $? = 0
configure:3292: result: o
configure:3296: checking whether we are using the GNU C++ compiler
configure:3315: g++ -c   conftest.cpp >&5
configure:3315: $? = 0
configure:3324: result: yes
configure:3333: checking whether g++ accepts -g
configure:3353: g++ -c -g  conftest.cpp >&5
configure:3353: $? = 0
configure:3394: result: yes
configure:3428: checking for style of include used by make
configure:3456: result: GNU
configure:3482: checking dependency style of g++
configure:3593: result: gcc3
configure:3612: checking for gawk
configure:3639: result: mawk
configure:3698: checking for gcc
configure:3714: found /usr/bin/gcc
configure:3725: result: gcc
configure:3954: checking for C compiler version
configure:3963: gcc --version >&5
gcc (Ubuntu 4.8.4-2ubuntu1~14.04.3) 4.8.4
Copyright (C) 2013 Free Software Foundation, Inc.
This is free software; see the source for copying conditions.  There is NO
warranty; not even for MERCHANTABILITY or FITNESS FOR A PARTICULAR PURPOSE.

configure:3974: $? = 0
configure:3963: gcc -v >&5
Using built-in specs.
COLLECT_GCC=gcc
COLLECT_LTO_WRAPPER=/usr/lib/gcc/x86_64-linux-gnu/4.8/lto-wrapper
Target: x86_64-linux-gnu
Configured with: ../src/configure -v --with-pkgversion='Ubuntu 4.8.4-2ubuntu1~14.04.3' --with-bugurl=file:///usr/share/doc/gcc-4.8/README.Bugs --enable-languages=c,c++,java,go,d,fortran,objc,obj-c++ --prefix=/usr --program-suffix=-4.8 --enable-shared --enable-linker-build-id --libexecdir=/usr/lib --without-included-gettext --enable-threads=posix --with-gxx-include-dir=/usr/include/c++/4.8 --libdir=/usr/lib --enable-nls --with-sysroot=/ --enable-clocale=gnu --enable-libstdcxx-debug --enable-libstdcxx-time=yes --enable-gnu-unique-object --disable-libmudflap --enable-plugin --with-system-zlib --disable-browser-plugin --enable-java-awt=gtk --enable-gtk-cairo --with-java-home=/usr/lib/jvm/java-1.5.0-gcj-4.8-amd64/jre --enable-java-home --with-jvm-root-dir=/usr/lib/jvm/java-1.5.0-gcj-4.8-amd64 --with-jvm-jar-dir=/usr/lib/jvm-exports/java-1.5.0-gcj-4.8-amd64 --with-arch-directory=amd64 --with-ecj-jar=/usr/share/java/eclipse-ecj.jar --enable-objc-gc --enable-multiarch --disable-werror --with-arch-32=i686 --with-abi=m64 --with-multilib-list=m32,m64,mx32 --with-tune=generic --enable-checking=release --build=x86_64-linux-gnu --host=x86_64-linux-gnu --target=x86_64-linux-gnu
Thread model: posix
gcc version 4.8.4 (Ubuntu 4.8.4-2ubuntu1~14.04.3) 
configure:3974: $? = 0
configure:3963: gcc -V >&5
gcc: error: unrecognized command line option '-V'
gcc: fatal error: no input files
compilation terminated.
configure:3974: $? = 4
configure:3963: gcc -qversion >&5
gcc: error: unrecognized command line option '-qversion'
gcc: fatal error: no input files
compilation terminated.
configure:3974: $? = 4
configure:3978: checking whether we are using the GNU C compiler
configure:3997: gcc -c   conftest.c >&5
configure:3997: $? = 0
configure:4006: result: yes
configure:4015: checking whether gcc accepts -g
configure:4035: gcc -c -g  conftest.c >&5
configure:4035: $? = 0
configure:4076: result: yes
configure:4093: checking for gcc option to accept ISO C89
configure:4157: gcc  -c -g -O2  conftest.c >&5
configure:4157: $? = 0
configure:4170: result: none needed
configure:4192: checking dependency style of gcc
configure:4303: result: gcc3
configure:4323: checking how to run the C preprocessor
configure:4354: gcc -E  conftest.c
configure:4354: $? = 0
configure:4368: gcc -E  conftest.c
conftest.c:11:28: fatal error: ac_nonexistent.h: No such file or directory
 #include <ac_nonexistent.h>
                            ^
compilation terminated.
configure:4368: $? = 1
configure: failed program was:
| /* confdefs.h */
| #define PACKAGE_NAME "lrcalc"
| #define PACKAGE_TARNAME "lrcalc"
| #define PACKAGE_VERSION "1.2"
| #define PACKAGE_STRING "lrcalc 1.2"
| #define PACKAGE_BUGREPORT "asbuch at math rutgers edu"
| #define PACKAGE_URL ""
| #define PACKAGE "lrcalc"
| #define VERSION "1.2"
| /* end confdefs.h.  */
| #include <ac_nonexistent.h>
configure:4393: result: gcc -E
configure:4413: gcc -E  conftest.c
configure:4413: $? = 0
configure:4427: gcc -E  conftest.c
conftest.c:11:28: fatal error: ac_nonexistent.h: No such file or directory
 #include <ac_nonexistent.h>
                            ^
compilation terminated.
configure:4427: $? = 1
configure: failed program was:
| /* confdefs.h */
| #define PACKAGE_NAME "lrcalc"
| #define PACKAGE_TARNAME "lrcalc"
| #define PACKAGE_VERSION "1.2"
| #define PACKAGE_STRING "lrcalc 1.2"
| #define PACKAGE_BUGREPORT "asbuch at math rutgers edu"
| #define PACKAGE_URL ""
| #define PACKAGE "lrcalc"
| #define VERSION "1.2"
| /* end confdefs.h.  */
| #include <ac_nonexistent.h>
configure:4456: checking whether ln -s works
configure:4460: result: yes
configure:4467: checking whether make sets $(MAKE)
configure:4489: result: yes
configure:4528: checking build system type
configure:4542: result: x86_64-unknown-linux-gnu
configure:4562: checking host system type
configure:4575: result: x86_64-unknown-linux-gnu
configure:4616: checking how to print strings
configure:4643: result: printf
configure:4664: checking for a sed that does not truncate output
configure:4728: result: /bin/sed
configure:4746: checking for grep that handles long lines and -e
configure:4804: result: /bin/grep
configure:4809: checking for egrep
configure:4871: result: /bin/grep -E
configure:4876: checking for fgrep
configure:4938: result: /bin/grep -F
configure:4973: checking for ld used by gcc
configure:5040: result: /usr/bin/ld
configure:5047: checking if the linker (/usr/bin/ld) is GNU ld
configure:5062: result: yes
configure:5074: checking for BSD- or MS-compatible name lister (nm)
configure:5123: result: /usr/bin/nm -B
configure:5253: checking the name lister (/usr/bin/nm -B) interface
configure:5260: gcc -c -g -O2  conftest.c >&5
configure:5263: /usr/bin/nm -B "conftest.o"
configure:5266: output
0000000000000000 B some_variable
configure:5273: result: BSD nm
configure:5277: checking the maximum length of command line arguments
configure:5407: result: 1572864
configure:5424: checking whether the shell understands some XSI constructs
configure:5434: result: yes
configure:5438: checking whether the shell understands "+="
configure:5444: result: yes
configure:5479: checking how to convert x86_64-unknown-linux-gnu file names to x86_64-unknown-linux-gnu format
configure:5519: result: func_convert_file_noop
configure:5526: checking how to convert x86_64-unknown-linux-gnu file names to toolchain format
configure:5546: result: func_convert_file_noop
configure:5553: checking for /usr/bin/ld option to reload object files
configure:5560: result: -r
configure:5634: checking for objdump
configure:5650: found /usr/bin/objdump
configure:5661: result: objdump
configure:5690: checking how to recognize dependent libraries
configure:5892: result: pass_all
configure:5977: checking for dlltool
configure:6007: result: no
configure:6034: checking how to associate runtime and link libraries
configure:6061: result: printf %s\n
configure:6122: checking for ar
configure:6138: found /usr/bin/ar
configure:6149: result: ar
configure:6186: checking for archiver @FILE support
configure:6203: gcc -c -g -O2  conftest.c >&5
configure:6203: $? = 0
configure:6206: ar cru libconftest.a @conftest.lst >&5
configure:6209: $? = 0
configure:6214: ar cru libconftest.a @conftest.lst >&5
ar: conftest.o: No such file or directory
configure:6217: $? = 1
configure:6229: result: @
configure:6287: checking for strip
configure:6303: found /usr/bin/strip
configure:6314: result: strip
configure:6386: checking for ranlib
configure:6402: found /usr/bin/ranlib
configure:6413: result: ranlib
configure:6515: checking command to parse /usr/bin/nm -B output from gcc object
configure:6635: gcc -c -g -O2  conftest.c >&5
configure:6638: $? = 0
configure:6642: /usr/bin/nm -B conftest.o \| sed -n -e 's/^.*[ ]\([ABCDGIRSTW][ABCDGIRSTW]*\)[ ][ ]*\([_A-Za-z][_A-Za-z0-9]*\)$/\1 \2 \2/p' | sed '/ __gnu_lto/d' \> conftest.nm
configure:6645: $? = 0
configure:6711: gcc -o conftest -g -O2   conftest.c conftstm.o >&5
configure:6714: $? = 0
configure:6752: result: ok
configure:6789: checking for sysroot
configure:6819: result: no
configure:6896: gcc -c -g -O2  conftest.c >&5
configure:6899: $? = 0
configure:7075: checking for mt
configure:7091: found /bin/mt
configure:7102: result: mt
configure:7125: checking if mt is a manifest tool
configure:7131: mt '-?'
configure:7139: result: no
configure:7777: checking for ANSI C header files
configure:7797: gcc -c -g -O2  conftest.c >&5
configure:7797: $? = 0
configure:7870: gcc -o conftest -g -O2   conftest.c  >&5
configure:7870: $? = 0
configure:7870: ./conftest
configure:7870: $? = 0
configure:7881: result: yes
configure:7894: checking for sys/types.h
configure:7894: gcc -c -g -O2  conftest.c >&5
configure:7894: $? = 0
configure:7894: result: yes
configure:7894: checking for sys/stat.h
configure:7894: gcc -c -g -O2  conftest.c >&5
configure:7894: $? = 0
configure:7894: result: yes
configure:7894: checking for stdlib.h
configure:7894: gcc -c -g -O2  conftest.c >&5
configure:7894: $? = 0
configure:7894: result: yes
configure:7894: checking for string.h
configure:7894: gcc -c -g -O2  conftest.c >&5
configure:7894: $? = 0
configure:7894: result: yes
configure:7894: checking for memory.h
configure:7894: gcc -c -g -O2  conftest.c >&5
configure:7894: $? = 0
configure:7894: result: yes
configure:7894: checking for strings.h
configure:7894: gcc -c -g -O2  conftest.c >&5
configure:7894: $? = 0
configure:7894: result: yes
configure:7894: checking for inttypes.h
configure:7894: gcc -c -g -O2  conftest.c >&5
configure:7894: $? = 0
configure:7894: result: yes
configure:7894: checking for stdint.h
configure:7894: gcc -c -g -O2  conftest.c >&5
configure:7894: $? = 0
configure:7894: result: yes
configure:7894: checking for unistd.h
configure:7894: gcc -c -g -O2  conftest.c >&5
configure:7894: $? = 0
configure:7894: result: yes
configure:7908: checking for dlfcn.h
configure:7908: gcc -c -g -O2  conftest.c >&5
configure:7908: $? = 0
configure:7908: result: yes
configure:8423: checking for objdir
configure:8438: result: .libs
configure:8709: checking if gcc supports -fno-rtti -fno-exceptions
configure:8727: gcc -c -g -O2  -fno-rtti -fno-exceptions conftest.c >&5
cc1: warning: command line option '-fno-rtti' is valid for C++/ObjC++ but not for C [enabled by default]
configure:8731: $? = 0
configure:8744: result: no
configure:9071: checking for gcc option to produce PIC
configure:9078: result: -fPIC -DPIC
configure:9086: checking if gcc PIC flag -fPIC -DPIC works
configure:9104: gcc -c -g -O2  -fPIC -DPIC -DPIC conftest.c >&5
configure:9108: $? = 0
configure:9121: result: yes
configure:9150: checking if gcc static flag -static works
configure:9178: result: yes
configure:9193: checking if gcc supports -c -o file.o
configure:9214: gcc -c -g -O2  -o out/conftest2.o conftest.c >&5
configure:9218: $? = 0
configure:9240: result: yes
configure:9248: checking if gcc supports -c -o file.o
configure:9295: result: yes
configure:9328: checking whether the gcc linker (/usr/bin/ld -m elf_x86_64) supports shared libraries
configure:10485: result: yes
configure:10522: checking whether -lc should be explicitly linked in
configure:10530: gcc -c -g -O2  conftest.c >&5
configure:10533: $? = 0
configure:10548: gcc -shared  -fPIC -DPIC conftest.o  -v -Wl,-soname -Wl,conftest -o conftest 2\>\&1 \| /bin/grep  -lc  \>/dev/null 2\>\&1
configure:10551: $? = 0
configure:10565: result: no
configure:10725: checking dynamic linker characteristics
configure:11236: gcc -o conftest -g -O2   -Wl,-rpath -Wl,/foo conftest.c  >&5
configure:11236: $? = 0
configure:11470: result: GNU/Linux ld.so
configure:11577: checking how to hardcode library paths into programs
configure:11602: result: immediate
configure:12142: checking whether stripping libraries is possible
configure:12147: result: yes
configure:12182: checking if libtool supports shared libraries
configure:12184: result: yes
configure:12187: checking whether to build shared libraries
configure:12208: result: yes
configure:12211: checking whether to build static libraries
configure:12215: result: yes
configure:12238: checking how to run the C++ preprocessor
configure:12265: g++ -E  conftest.cpp
configure:12265: $? = 0
configure:12279: g++ -E  conftest.cpp
conftest.cpp:23:28: fatal error: ac_nonexistent.h: No such file or directory
 #include <ac_nonexistent.h>
                            ^
compilation terminated.
configure:12279: $? = 1
configure: failed program was:
| /* confdefs.h */
| #define PACKAGE_NAME "lrcalc"
| #define PACKAGE_TARNAME "lrcalc"
| #define PACKAGE_VERSION "1.2"
| #define PACKAGE_STRING "lrcalc 1.2"
| #define PACKAGE_BUGREPORT "asbuch at math rutgers edu"
| #define PACKAGE_URL ""
| #define PACKAGE "lrcalc"
| #define VERSION "1.2"
| #define STDC_HEADERS 1
| #define HAVE_SYS_TYPES_H 1
| #define HAVE_SYS_STAT_H 1
| #define HAVE_STDLIB_H 1
| #define HAVE_STRING_H 1
| #define HAVE_MEMORY_H 1
| #define HAVE_STRINGS_H 1
| #define HAVE_INTTYPES_H 1
| #define HAVE_STDINT_H 1
| #define HAVE_UNISTD_H 1
| #define HAVE_DLFCN_H 1
| #define LT_OBJDIR ".libs/"
| /* end confdefs.h.  */
| #include <ac_nonexistent.h>
configure:12304: result: g++ -E
configure:12324: g++ -E  conftest.cpp
configure:12324: $? = 0
configure:12338: g++ -E  conftest.cpp
conftest.cpp:23:28: fatal error: ac_nonexistent.h: No such file or directory
 #include <ac_nonexistent.h>
                            ^
compilation terminated.
configure:12338: $? = 1
configure: failed program was:
| /* confdefs.h */
| #define PACKAGE_NAME "lrcalc"
| #define PACKAGE_TARNAME "lrcalc"
| #define PACKAGE_VERSION "1.2"
| #define PACKAGE_STRING "lrcalc 1.2"
| #define PACKAGE_BUGREPORT "asbuch at math rutgers edu"
| #define PACKAGE_URL ""
| #define PACKAGE "lrcalc"
| #define VERSION "1.2"
| #define STDC_HEADERS 1
| #define HAVE_SYS_TYPES_H 1
| #define HAVE_SYS_STAT_H 1
| #define HAVE_STDLIB_H 1
| #define HAVE_STRING_H 1
| #define HAVE_MEMORY_H 1
| #define HAVE_STRINGS_H 1
| #define HAVE_INTTYPES_H 1
| #define HAVE_STDINT_H 1
| #define HAVE_UNISTD_H 1
| #define HAVE_DLFCN_H 1
| #define LT_OBJDIR ".libs/"
| /* end confdefs.h.  */
| #include <ac_nonexistent.h>
configure:12507: checking for ld used by g++
configure:12574: result: /usr/bin/ld -m elf_x86_64
configure:12581: checking if the linker (/usr/bin/ld -m elf_x86_64) is GNU ld
configure:12596: result: yes
configure:12651: checking whether the g++ linker (/usr/bin/ld -m elf_x86_64) supports shared libraries
configure:13656: result: yes
configure:13692: g++ -c -g -O2  conftest.cpp >&5
configure:13695: $? = 0
configure:14215: checking for g++ option to produce PIC
configure:14222: result: -fPIC -DPIC
configure:14230: checking if g++ PIC flag -fPIC -DPIC works
configure:14248: g++ -c -g -O2  -fPIC -DPIC -DPIC conftest.cpp >&5
configure:14252: $? = 0
configure:14265: result: yes
configure:14288: checking if g++ static flag -static works
configure:14316: result: yes
configure:14328: checking if g++ supports -c -o file.o
configure:14349: g++ -c -g -O2  -o out/conftest2.o conftest.cpp >&5
configure:14353: $? = 0
configure:14375: result: yes
configure:14380: checking if g++ supports -c -o file.o
configure:14427: result: yes
configure:14457: checking whether the g++ linker (/usr/bin/ld -m elf_x86_64) supports shared libraries
configure:14496: result: yes
configure:14637: checking dynamic linker characteristics
configure:15316: result: GNU/Linux ld.so
configure:15369: checking how to hardcode library paths into programs
configure:15394: result: immediate
configure:15471: checking for stdlib.h
configure:15471: result: yes
configure:15471: checking for string.h
configure:15471: result: yes
configure:15471: checking for unistd.h
configure:15471: result: yes
configure:15483: checking for size_t
configure:15483: gcc -c -g -O2  conftest.c >&5
configure:15483: $? = 0
configure:15483: gcc -c -g -O2  conftest.c >&5
conftest.c: In function 'main':
conftest.c:62:21: error: expected expression before ')' token
 if (sizeof ((size_t)))
                     ^
configure:15483: $? = 1
configure: failed program was:
| /* confdefs.h */
| #define PACKAGE_NAME "lrcalc"
| #define PACKAGE_TARNAME "lrcalc"
| #define PACKAGE_VERSION "1.2"
| #define PACKAGE_STRING "lrcalc 1.2"
| #define PACKAGE_BUGREPORT "asbuch at math rutgers edu"
| #define PACKAGE_URL ""
| #define PACKAGE "lrcalc"
| #define VERSION "1.2"
| #define STDC_HEADERS 1
| #define HAVE_SYS_TYPES_H 1
| #define HAVE_SYS_STAT_H 1
| #define HAVE_STDLIB_H 1
| #define HAVE_STRING_H 1
| #define HAVE_MEMORY_H 1
| #define HAVE_STRINGS_H 1
| #define HAVE_INTTYPES_H 1
| #define HAVE_STDINT_H 1
| #define HAVE_UNISTD_H 1
| #define HAVE_DLFCN_H 1
| #define LT_OBJDIR ".libs/"
| #define HAVE_STDLIB_H 1
| #define HAVE_STRING_H 1
| #define HAVE_UNISTD_H 1
| /* end confdefs.h.  */
| #include <stdio.h>
| #ifdef HAVE_SYS_TYPES_H
| # include <sys/types.h>
| #endif
| #ifdef HAVE_SYS_STAT_H
| # include <sys/stat.h>
| #endif
| #ifdef STDC_HEADERS
| # include <stdlib.h>
| # include <stddef.h>
| #else
| # ifdef HAVE_STDLIB_H
| #  include <stdlib.h>
| # endif
| #endif
| #ifdef HAVE_STRING_H
| # if !defined STDC_HEADERS && defined HAVE_MEMORY_H
| #  include <memory.h>
| # endif
| # include <string.h>
| #endif
| #ifdef HAVE_STRINGS_H
| # include <strings.h>
| #endif
| #ifdef HAVE_INTTYPES_H
| # include <inttypes.h>
| #endif
| #ifdef HAVE_STDINT_H
| # include <stdint.h>
| #endif
| #ifdef HAVE_UNISTD_H
| # include <unistd.h>
| #endif
| int
| main ()
| {
| if (sizeof ((size_t)))
| 	    return 0;
|   ;
|   return 0;
| }
configure:15483: result: yes
configure:15498: checking for stdlib.h
configure:15498: result: yes
configure:15508: checking for GNU libc compatible malloc
configure:15532: gcc -o conftest -g -O2   conftest.c  >&5
configure:15532: $? = 0
configure:15532: ./conftest
configure:15532: $? = 0
configure:15542: result: yes
configure:15565: checking for stdlib.h
configure:15565: result: yes
configure:15575: checking for GNU libc compatible realloc
configure:15599: gcc -o conftest -g -O2   conftest.c  >&5
configure:15599: $? = 0
configure:15599: ./conftest
configure:15599: $? = 0
configure:15609: result: yes
configure:15633: checking for memset
configure:15633: gcc -o conftest -g -O2   conftest.c  >&5
conftest.c:53:6: warning: conflicting types for built-in function 'memset' [enabled by default]
 char memset ();
      ^
configure:15633: $? = 0
configure:15633: result: yes
configure:15633: checking for strtol
configure:15633: gcc -o conftest -g -O2   conftest.c  >&5
configure:15633: $? = 0
configure:15633: result: yes
configure:15783: creating ./config.status

## ---------------------- ##
## Running config.status. ##
## ---------------------- ##

This file was extended by lrcalc config.status 1.2, which was
generated by GNU Autoconf 2.68.  Invocation command line was

  CONFIG_FILES    = 
  CONFIG_HEADERS  = 
  CONFIG_LINKS    = 
  CONFIG_COMMANDS = 
  $ ./config.status 

on S76Top

config.status:1167: creating Makefile
config.status:1167: creating src/Makefile
config.status:1167: creating config.h
config.status:1396: executing depfiles commands
config.status:1396: executing libtool commands

## ---------------- ##
## Cache variables. ##
## ---------------- ##

ac_cv_build=x86_64-unknown-linux-gnu
ac_cv_c_compiler_gnu=yes
ac_cv_cxx_compiler_gnu=yes
ac_cv_env_CCC_set=
ac_cv_env_CCC_value=
ac_cv_env_CC_set=
ac_cv_env_CC_value=
ac_cv_env_CFLAGS_set=
ac_cv_env_CFLAGS_value=
ac_cv_env_CPPFLAGS_set=
ac_cv_env_CPPFLAGS_value=
ac_cv_env_CPP_set=
ac_cv_env_CPP_value=
ac_cv_env_CXXCPP_set=
ac_cv_env_CXXCPP_value=
ac_cv_env_CXXFLAGS_set=
ac_cv_env_CXXFLAGS_value=
ac_cv_env_CXX_set=
ac_cv_env_CXX_value=
ac_cv_env_LDFLAGS_set=
ac_cv_env_LDFLAGS_value=
ac_cv_env_LIBS_set=
ac_cv_env_LIBS_value=
ac_cv_env_build_alias_set=
ac_cv_env_build_alias_value=
ac_cv_env_host_alias_set=
ac_cv_env_host_alias_value=
ac_cv_env_target_alias_set=
ac_cv_env_target_alias_value=
ac_cv_func_malloc_0_nonnull=yes
ac_cv_func_memset=yes
ac_cv_func_realloc_0_nonnull=yes
ac_cv_func_strtol=yes
ac_cv_header_dlfcn_h=yes
ac_cv_header_inttypes_h=yes
ac_cv_header_memory_h=yes
ac_cv_header_stdc=yes
ac_cv_header_stdint_h=yes
ac_cv_header_stdlib_h=yes
ac_cv_header_string_h=yes
ac_cv_header_strings_h=yes
ac_cv_header_sys_stat_h=yes
ac_cv_header_sys_types_h=yes
ac_cv_header_unistd_h=yes
ac_cv_host=x86_64-unknown-linux-gnu
ac_cv_objext=o
ac_cv_path_EGREP='/bin/grep -E'
ac_cv_path_FGREP='/bin/grep -F'
ac_cv_path_GREP=/bin/grep
ac_cv_path_SED=/bin/sed
ac_cv_path_install='/usr/bin/install -c'
ac_cv_path_mkdir=/bin/mkdir
ac_cv_prog_AWK=mawk
ac_cv_prog_CPP='gcc -E'
ac_cv_prog_CXXCPP='g++ -E'
ac_cv_prog_ac_ct_AR=ar
ac_cv_prog_ac_ct_CC=gcc
ac_cv_prog_ac_ct_CXX=g++
ac_cv_prog_ac_ct_MANIFEST_TOOL=mt
ac_cv_prog_ac_ct_OBJDUMP=objdump
ac_cv_prog_ac_ct_RANLIB=ranlib
ac_cv_prog_ac_ct_STRIP=strip
ac_cv_prog_cc_c89=
ac_cv_prog_cc_g=yes
ac_cv_prog_cxx_g=yes
ac_cv_prog_make_make_set=yes
ac_cv_type_size_t=yes
am_cv_CC_dependencies_compiler_type=gcc3
am_cv_CXX_dependencies_compiler_type=gcc3
lt_cv_ar_at_file=@
lt_cv_archive_cmds_need_lc=no
lt_cv_deplibs_check_method=pass_all
lt_cv_file_magic_cmd='$MAGIC_CMD'
lt_cv_file_magic_test_file=
lt_cv_ld_reload_flag=-r
lt_cv_nm_interface='BSD nm'
lt_cv_objdir=.libs
lt_cv_path_LD=/usr/bin/ld
lt_cv_path_LDCXX='/usr/bin/ld -m elf_x86_64'
lt_cv_path_NM='/usr/bin/nm -B'
lt_cv_path_mainfest_tool=no
lt_cv_prog_compiler_c_o=yes
lt_cv_prog_compiler_c_o_CXX=yes
lt_cv_prog_compiler_pic='-fPIC -DPIC'
lt_cv_prog_compiler_pic_CXX='-fPIC -DPIC'
lt_cv_prog_compiler_pic_works=yes
lt_cv_prog_compiler_pic_works_CXX=yes
lt_cv_prog_compiler_rtti_exceptions=no
lt_cv_prog_compiler_static_works=yes
lt_cv_prog_compiler_static_works_CXX=yes
lt_cv_prog_gnu_ld=yes
lt_cv_prog_gnu_ldcxx=yes
lt_cv_sharedlib_from_linklib_cmd='printf %s\n'
lt_cv_shlibpath_overrides_runpath=no
lt_cv_sys_global_symbol_pipe='sed -n -e '\''s/^.*[	 ]\([ABCDGIRSTW][ABCDGIRSTW]*\)[	 ][	 ]*\([_A-Za-z][_A-Za-z0-9]*\)$/\1 \2 \2/p'\'' | sed '\''/ __gnu_lto/d'\'''
lt_cv_sys_global_symbol_to_c_name_address='sed -n -e '\''s/^: \([^ ]*\)[ ]*$/  {\"\1\", (void *) 0},/p'\'' -e '\''s/^[ABCDGIRSTW]* \([^ ]*\) \([^ ]*\)$/  {"\2", (void *) \&\2},/p'\'''
lt_cv_sys_global_symbol_to_c_name_address_lib_prefix='sed -n -e '\''s/^: \([^ ]*\)[ ]*$/  {\"\1\", (void *) 0},/p'\'' -e '\''s/^[ABCDGIRSTW]* \([^ ]*\) \(lib[^ ]*\)$/  {"\2", (void *) \&\2},/p'\'' -e '\''s/^[ABCDGIRSTW]* \([^ ]*\) \([^ ]*\)$/  {"lib\2", (void *) \&\2},/p'\'''
lt_cv_sys_global_symbol_to_cdecl='sed -n -e '\''s/^T .* \(.*\)$/extern int \1();/p'\'' -e '\''s/^[ABCDGIRSTW]* .* \(.*\)$/extern char \1;/p'\'''
lt_cv_sys_max_cmd_len=1572864
lt_cv_to_host_file_cmd=func_convert_file_noop
lt_cv_to_tool_file_cmd=func_convert_file_noop

## ----------------- ##
## Output variables. ##
## ----------------- ##

ACLOCAL='${SHELL} /home/jlombs/Desktop/lrcalc-1.2/missing --run aclocal-1.11'
AMDEPBACKSLASH='\'
AMDEP_FALSE='#'
AMDEP_TRUE=''
AMTAR='$${TAR-tar}'
AR='ar'
AS='as'
AUTOCONF='${SHELL} /home/jlombs/Desktop/lrcalc-1.2/missing --run autoconf'
AUTOHEADER='${SHELL} /home/jlombs/Desktop/lrcalc-1.2/missing --run autoheader'
AUTOMAKE='${SHELL} /home/jlombs/Desktop/lrcalc-1.2/missing --run automake-1.11'
AWK='mawk'
CC='gcc'
CCDEPMODE='depmode=gcc3'
CFLAGS='-g -O2'
CPP='gcc -E'
CPPFLAGS=''
CXX='g++'
CXXCPP='g++ -E'
CXXDEPMODE='depmode=gcc3'
CXXFLAGS='-g -O2'
CYGPATH_W='echo'
DEFS='-DHAVE_CONFIG_H'
DEPDIR='.deps'
DLLTOOL='false'
DSYMUTIL=''
DUMPBIN=''
ECHO_C=''
ECHO_N='-n'
ECHO_T=''
EGREP='/bin/grep -E'
EXEEXT=''
FGREP='/bin/grep -F'
GREP='/bin/grep'
INSTALL_DATA='${INSTALL} -m 644'
INSTALL_PROGRAM='${INSTALL}'
INSTALL_SCRIPT='${INSTALL}'
INSTALL_STRIP_PROGRAM='$(install_sh) -c -s'
LD='/usr/bin/ld -m elf_x86_64'
LDFLAGS=''
LIBLRCALC_LDFLAGS=''
LIBOBJS=''
LIBS=''
LIBTOOL='$(SHELL) $(top_builddir)/libtool'
LIPO=''
LN_S='ln -s'
LTLIBOBJS=''
MAINT='#'
MAINTAINER_MODE_FALSE=''
MAINTAINER_MODE_TRUE='#'
MAKEINFO='${SHELL} /home/jlombs/Desktop/lrcalc-1.2/missing --run makeinfo'
MANIFEST_TOOL=':'
MKDIR_P='/bin/mkdir -p'
NM='/usr/bin/nm -B'
NMEDIT=''
OBJDUMP='objdump'
OBJEXT='o'
OTOOL64=''
OTOOL=''
PACKAGE='lrcalc'
PACKAGE_BUGREPORT='asbuch at math rutgers edu'
PACKAGE_NAME='lrcalc'
PACKAGE_STRING='lrcalc 1.2'
PACKAGE_TARNAME='lrcalc'
PACKAGE_URL=''
PACKAGE_VERSION='1.2'
PATH_SEPARATOR=':'
RANLIB='ranlib'
SED='/bin/sed'
SET_MAKE=''
SHELL='/bin/bash'
STRIP='strip'
VERSION='1.2'
ac_ct_AR='ar'
ac_ct_CC='gcc'
ac_ct_CXX='g++'
ac_ct_DUMPBIN=''
am__EXEEXT_FALSE=''
am__EXEEXT_TRUE='#'
am__fastdepCC_FALSE='#'
am__fastdepCC_TRUE=''
am__fastdepCXX_FALSE='#'
am__fastdepCXX_TRUE=''
am__include='include'
am__isrc=''
am__leading_dot='.'
am__nodep='_no'
am__quote=''
am__tar='$${TAR-tar} chof - "$$tardir"'
am__untar='$${TAR-tar} xf -'
bindir='${exec_prefix}/bin'
build='x86_64-unknown-linux-gnu'
build_alias=''
build_cpu='x86_64'
build_os='linux-gnu'
build_vendor='unknown'
datadir='${datarootdir}'
datarootdir='${prefix}/share'
docdir='${datarootdir}/doc/${PACKAGE_TARNAME}'
dvidir='${docdir}'
exec_prefix='${prefix}'
host='x86_64-unknown-linux-gnu'
host_alias=''
host_cpu='x86_64'
host_os='linux-gnu'
host_vendor='unknown'
htmldir='${docdir}'
includedir='${prefix}/include'
infodir='${datarootdir}/info'
install_sh='${SHELL} /home/jlombs/Desktop/lrcalc-1.2/install-sh'
libdir='${exec_prefix}/lib'
libexecdir='${exec_prefix}/libexec'
localedir='${datarootdir}/locale'
localstatedir='${prefix}/var'
mandir='${datarootdir}/man'
mkdir_p='/bin/mkdir -p'
oldincludedir='/usr/include'
pdfdir='${docdir}'
prefix='/usr/local'
program_transform_name='s,x,x,'
psdir='${docdir}'
sbindir='${exec_prefix}/sbin'
sharedstatedir='${prefix}/com'
sysconfdir='${prefix}/etc'
target_alias=''

## ----------- ##
## confdefs.h. ##
## ----------- ##

/* confdefs.h */
#define PACKAGE_NAME "lrcalc"
#define PACKAGE_TARNAME "lrcalc"
#define PACKAGE_VERSION "1.2"
#define PACKAGE_STRING "lrcalc 1.2"
#define PACKAGE_BUGREPORT "asbuch at math rutgers edu"
#define PACKAGE_URL ""
#define PACKAGE "lrcalc"
#define VERSION "1.2"
#define STDC_HEADERS 1
#define HAVE_SYS_TYPES_H 1
#define HAVE_SYS_STAT_H 1
#define HAVE_STDLIB_H 1
#define HAVE_STRING_H 1
#define HAVE_MEMORY_H 1
#define HAVE_STRINGS_H 1
#define HAVE_INTTYPES_H 1
#define HAVE_STDINT_H 1
#define HAVE_UNISTD_H 1
#define HAVE_DLFCN_H 1
#define LT_OBJDIR ".libs/"
#define HAVE_STDLIB_H 1
#define HAVE_STRING_H 1
#define HAVE_UNISTD_H 1
#define HAVE_STDLIB_H 1
#define HAVE_MALLOC 1
#define HAVE_STDLIB_H 1
#define HAVE_REALLOC 1
#define HAVE_MEMSET 1
#define HAVE_STRTOL 1

configure: exit 0
